<?xml version="1.0" encoding="UTF-8"?>
<!-- Generated by org.testng.reporters.JUnitXMLReporter -->
<testsuite hostname="NGBLR-00764" ignored="0" name="Test" tests="2" failures="1" timestamp="26 Jun 2018 08:14:38 GMT" time="9.964" errors="0">
  <testcase name="testValidLogin" time="1.189" classname="scripts.TestValidLogin"/>
  <testcase name="testInvalidLogin" time="0.59" classname="scripts.TestInvalidLogin">
    <failure type="java.lang.AssertionError" message="The following asserts failed:
	expected [actiTIME - Enter Time-Track] but found [actiTIME - Login]">
      <![CDATA[java.lang.AssertionError: The following asserts failed:
expected [actiTIME - Enter Time-Track] but found [actiTIME - Login]
at scripts.TestInvalidLogin.testInvalidLogin(TestInvalidLogin.java:40)
... Removed 26 stack frames]]>
    </failure>
  </testcase> <!-- testInvalidLogin -->
</testsuite> <!-- Test -->
