<?xml version="1.0" encoding="UTF-8"?>
<testng-results skipped="0" failed="1" ignored="0" total="1" passed="0">
  <reporter-output>
  </reporter-output>
  <suite name="Default suite" duration-ms="5539" started-at="2018-06-28T04:22:54Z" finished-at="2018-06-28T04:22:59Z">
    <groups>
    </groups>
    <test name="Default test" duration-ms="5539" started-at="2018-06-28T04:22:54Z" finished-at="2018-06-28T04:22:59Z">
      <class name="scripts.TestInvalidLogin">
        <test-method status="PASS" signature="openApllication()[pri:0, instance:scripts.TestInvalidLogin@2db7a79b]" name="openApllication" is-config="true" duration-ms="4324" started-at="2018-06-28T04:22:54Z" finished-at="2018-06-28T04:22:58Z">
          <reporter-output>
          </reporter-output>
        </test-method> <!-- openApllication -->
        <test-method status="FAIL" signature="testInvalidLogin()[pri:0, instance:scripts.TestInvalidLogin@2db7a79b]" name="testInvalidLogin" duration-ms="1009" started-at="2018-06-28T04:22:58Z" finished-at="2018-06-28T04:22:59Z">
          <exception class="java.lang.AssertionError">
            <message>
              <![CDATA[The following asserts failed:
expected [actiTIME - Enter Time-Track] but found [actiTIME - Login]]]>
            </message>
            <full-stacktrace>
              <![CDATA[java.lang.AssertionError: The following asserts failed:
expected [actiTIME - Enter Time-Track] but found [actiTIME - Login]
at org.testng.asserts.SoftAssert.assertAll(SoftAssert.java:43)
at scripts.TestInvalidLogin.testInvalidLogin(TestInvalidLogin.java:42)
at sun.reflect.NativeMethodAccessorImpl.invoke0(Native Method)
at sun.reflect.NativeMethodAccessorImpl.invoke(Unknown Source)
at sun.reflect.DelegatingMethodAccessorImpl.invoke(Unknown Source)
at java.lang.reflect.Method.invoke(Unknown Source)
at org.testng.internal.MethodInvocationHelper.invokeMethod(MethodInvocationHelper.java:124)
at org.testng.internal.Invoker.invokeMethod(Invoker.java:580)
at org.testng.internal.Invoker.invokeTestMethod(Invoker.java:716)
at org.testng.internal.Invoker.invokeTestMethods(Invoker.java:988)
at org.testng.internal.TestMethodWorker.invokeTestMethods(TestMethodWorker.java:125)
at org.testng.internal.TestMethodWorker.run(TestMethodWorker.java:109)
at org.testng.TestRunner.privateRun(TestRunner.java:648)
at org.testng.TestRunner.run(TestRunner.java:505)
at org.testng.SuiteRunner.runTest(SuiteRunner.java:455)
at org.testng.SuiteRunner.runSequentially(SuiteRunner.java:450)
at org.testng.SuiteRunner.privateRun(SuiteRunner.java:415)
at org.testng.SuiteRunner.run(SuiteRunner.java:364)
at org.testng.SuiteRunnerWorker.runSuite(SuiteRunnerWorker.java:52)
at org.testng.SuiteRunnerWorker.run(SuiteRunnerWorker.java:84)
at org.testng.TestNG.runSuitesSequentially(TestNG.java:1208)
at org.testng.TestNG.runSuitesLocally(TestNG.java:1137)
at org.testng.TestNG.runSuites(TestNG.java:1049)
at org.testng.TestNG.run(TestNG.java:1017)
at org.testng.remote.AbstractRemoteTestNG.run(AbstractRemoteTestNG.java:114)
at org.testng.remote.RemoteTestNG.initAndRun(RemoteTestNG.java:251)
at org.testng.remote.RemoteTestNG.main(RemoteTestNG.java:77)
]]>
            </full-stacktrace>
          </exception> <!-- java.lang.AssertionError -->
          <reporter-output>
          </reporter-output>
        </test-method> <!-- testInvalidLogin -->
        <test-method status="PASS" signature="closeApllication(org.testng.ITestResult)[pri:0, instance:scripts.TestInvalidLogin@2db7a79b]" name="closeApllication" is-config="true" duration-ms="185" started-at="2018-06-28T04:22:59Z" finished-at="2018-06-28T04:22:59Z">
          <params>
            <param index="0">
              <value>
                <![CDATA[[TestResult name=testInvalidLogin status=FAILURE method=TestInvalidLogin.testInvalidLogin()[pri:0, instance:scripts.TestInvalidLogin@2db7a79b] output={null}]]]>
              </value>
            </param>
          </params>
          <reporter-output>
          </reporter-output>
        </test-method> <!-- closeApllication -->
      </class> <!-- scripts.TestInvalidLogin -->
    </test> <!-- Default test -->
  </suite> <!-- Default suite -->
</testng-results>
